  161 HID  N   unknown type.  rad set to 1.9, chg 0
  162 HID  CA  unknown type.  rad set to 1.9, chg 0
  163 HID  C   unknown type.  rad set to 1.9, chg 0
  164 HID  O   unknown type.  rad set to 1.9, chg 0
  165 HID  CB  unknown type.  rad set to 1.9, chg 0
  166 HID  CG  unknown type.  rad set to 1.9, chg 0
  167 HID  ND1 unknown type.  rad set to 1.9, chg 0
  168 HID  CD2 unknown type.  rad set to 1.9, chg 0
  169 HID  CE1 unknown type.  rad set to 1.9, chg 0
  170 HID  NE2 unknown type.  rad set to 1.9, chg 0
  234 HID  N   unknown type.  rad set to 1.9, chg 0
  235 HID  CA  unknown type.  rad set to 1.9, chg 0
  236 HID  C   unknown type.  rad set to 1.9, chg 0
  237 HID  O   unknown type.  rad set to 1.9, chg 0
  238 HID  CB  unknown type.  rad set to 1.9, chg 0
  239 HID  CG  unknown type.  rad set to 1.9, chg 0
  240 HID  ND1 unknown type.  rad set to 1.9, chg 0
  241 HID  CD2 unknown type.  rad set to 1.9, chg 0
  242 HID  CE1 unknown type.  rad set to 1.9, chg 0
  243 HID  NE2 unknown type.  rad set to 1.9, chg 0
  325 CYX  N   unknown type.  rad set to 1.9, chg 0
  326 CYX  CA  unknown type.  rad set to 1.9, chg 0
  327 CYX  C   unknown type.  rad set to 1.9, chg 0
  328 CYX  O   unknown type.  rad set to 1.9, chg 0
  329 CYX  CB  unknown type.  rad set to 1.9, chg 0
  330 CYX  SG  unknown type.  rad set to 1.9, chg 0
  587 CYX  N   unknown type.  rad set to 1.9, chg 0
  588 CYX  CA  unknown type.  rad set to 1.9, chg 0
  589 CYX  C   unknown type.  rad set to 1.9, chg 0
  590 CYX  O   unknown type.  rad set to 1.9, chg 0
  591 CYX  CB  unknown type.  rad set to 1.9, chg 0
  592 CYX  SG  unknown type.  rad set to 1.9, chg 0
  643 CYX  N   unknown type.  rad set to 1.9, chg 0
  644 CYX  CA  unknown type.  rad set to 1.9, chg 0
  645 CYX  C   unknown type.  rad set to 1.9, chg 0
  646 CYX  O   unknown type.  rad set to 1.9, chg 0
  647 CYX  CB  unknown type.  rad set to 1.9, chg 0
  648 CYX  SG  unknown type.  rad set to 1.9, chg 0
  779 CYX  N   unknown type.  rad set to 1.9, chg 0
  780 CYX  CA  unknown type.  rad set to 1.9, chg 0
  781 CYX  C   unknown type.  rad set to 1.9, chg 0
  782 CYX  O   unknown type.  rad set to 1.9, chg 0
  783 CYX  CB  unknown type.  rad set to 1.9, chg 0
  784 CYX  SG  unknown type.  rad set to 1.9, chg 0
  892 CYX  N   unknown type.  rad set to 1.9, chg 0
  893 CYX  CA  unknown type.  rad set to 1.9, chg 0
  894 CYX  C   unknown type.  rad set to 1.9, chg 0
  895 CYX  O   unknown type.  rad set to 1.9, chg 0
  896 CYX  CB  unknown type.  rad set to 1.9, chg 0
  897 CYX  SG  unknown type.  rad set to 1.9, chg 0
  933 CYX  N   unknown type.  rad set to 1.9, chg 0
  934 CYX  CA  unknown type.  rad set to 1.9, chg 0
  935 CYX  C   unknown type.  rad set to 1.9, chg 0
  936 CYX  O   unknown type.  rad set to 1.9, chg 0
  937 CYX  CB  unknown type.  rad set to 1.9, chg 0
  938 CYX  SG  unknown type.  rad set to 1.9, chg 0
 1320 CYX  N   unknown type.  rad set to 1.9, chg 0
 1321 CYX  CA  unknown type.  rad set to 1.9, chg 0
 1322 CYX  C   unknown type.  rad set to 1.9, chg 0
 1323 CYX  O   unknown type.  rad set to 1.9, chg 0
 1324 CYX  CB  unknown type.  rad set to 1.9, chg 0
 1325 CYX  SG  unknown type.  rad set to 1.9, chg 0
 1363 HID  N   unknown type.  rad set to 1.9, chg 0
 1364 HID  CA  unknown type.  rad set to 1.9, chg 0
 1365 HID  C   unknown type.  rad set to 1.9, chg 0
 1366 HID  O   unknown type.  rad set to 1.9, chg 0
 1367 HID  CB  unknown type.  rad set to 1.9, chg 0
 1368 HID  CG  unknown type.  rad set to 1.9, chg 0
 1369 HID  ND1 unknown type.  rad set to 1.9, chg 0
 1370 HID  CD2 unknown type.  rad set to 1.9, chg 0
 1371 HID  CE1 unknown type.  rad set to 1.9, chg 0
 1372 HID  NE2 unknown type.  rad set to 1.9, chg 0
 1538 HID  N   unknown type.  rad set to 1.9, chg 0
 1539 HID  CA  unknown type.  rad set to 1.9, chg 0
 1540 HID  C   unknown type.  rad set to 1.9, chg 0
 1541 HID  O   unknown type.  rad set to 1.9, chg 0
 1542 HID  CB  unknown type.  rad set to 1.9, chg 0
 1543 HID  CG  unknown type.  rad set to 1.9, chg 0
 1544 HID  ND1 unknown type.  rad set to 1.9, chg 0
 1545 HID  CD2 unknown type.  rad set to 1.9, chg 0
 1546 HID  CE1 unknown type.  rad set to 1.9, chg 0
 1547 HID  NE2 unknown type.  rad set to 1.9, chg 0
 1815 CYX  N   unknown type.  rad set to 1.9, chg 0
 1816 CYX  CA  unknown type.  rad set to 1.9, chg 0
 1817 CYX  C   unknown type.  rad set to 1.9, chg 0
 1818 CYX  O   unknown type.  rad set to 1.9, chg 0
 1819 CYX  CB  unknown type.  rad set to 1.9, chg 0
 1820 CYX  SG  unknown type.  rad set to 1.9, chg 0
  486 CYX  N   unknown type.  rad set to 1.9, chg 0
  487 CYX  CA  unknown type.  rad set to 1.9, chg 0
  488 CYX  C   unknown type.  rad set to 1.9, chg 0
  489 CYX  O   unknown type.  rad set to 1.9, chg 0
  490 CYX  CB  unknown type.  rad set to 1.9, chg 0
  491 CYX  SG  unknown type.  rad set to 1.9, chg 0
  555 CYX  N   unknown type.  rad set to 1.9, chg 0
  556 CYX  CA  unknown type.  rad set to 1.9, chg 0
  557 CYX  C   unknown type.  rad set to 1.9, chg 0
  558 CYX  O   unknown type.  rad set to 1.9, chg 0
  559 CYX  CB  unknown type.  rad set to 1.9, chg 0
  560 CYX  SG  unknown type.  rad set to 1.9, chg 0
  581 HID  N   unknown type.  rad set to 1.9, chg 0
  582 HID  CA  unknown type.  rad set to 1.9, chg 0
  583 HID  C   unknown type.  rad set to 1.9, chg 0
  584 HID  O   unknown type.  rad set to 1.9, chg 0
  585 HID  CB  unknown type.  rad set to 1.9, chg 0
  586 HID  CG  unknown type.  rad set to 1.9, chg 0
  587 HID  ND1 unknown type.  rad set to 1.9, chg 0
  588 HID  CD2 unknown type.  rad set to 1.9, chg 0
  589 HID  CE1 unknown type.  rad set to 1.9, chg 0
  590 HID  NE2 unknown type.  rad set to 1.9, chg 0
  672 CYX  N   unknown type.  rad set to 1.9, chg 0
  673 CYX  CA  unknown type.  rad set to 1.9, chg 0
  674 CYX  C   unknown type.  rad set to 1.9, chg 0
  675 CYX  O   unknown type.  rad set to 1.9, chg 0
  676 CYX  CB  unknown type.  rad set to 1.9, chg 0
  677 CYX  SG  unknown type.  rad set to 1.9, chg 0
  839 CYX  N   unknown type.  rad set to 1.9, chg 0
  840 CYX  CA  unknown type.  rad set to 1.9, chg 0
  841 CYX  C   unknown type.  rad set to 1.9, chg 0
  842 CYX  O   unknown type.  rad set to 1.9, chg 0
  843 CYX  CB  unknown type.  rad set to 1.9, chg 0
  844 CYX  SG  unknown type.  rad set to 1.9, chg 0


!! ZDOCK has been successfully finished and actividad.zdock has been created.


PyDock3
  A set of tools for protein-protein docking
  Version 3.2.3

[pyDock3] INFO: Running zdock...
[pyDock3] INFO: pyDock FINISHED!
