
STAMP Structural Alignment of Multiple Proteins

Version 4.4.2 (6th August 2015)
 by Robert B. Russell & Geoffrey J. Barton 
 Please cite PROTEINS, v14, 309-323, 1992

Running roughfit.

    Sc = STAMP score, RMS = RMS deviation, Align = alignment length
    Len1, Len2 = length of domain, Nfit = residues fitted
    Secs = no. equivalent sec. strucs. Eq = no. equivalent residues
    %I = seq. identity, %S = sec. str. identity
    P(m)  = P value (p=1/10) calculated after Murzin (1993), JMB, 230, 689-694
            (NC = P value not calculated - potential FP overflow)

     No.  Domain1         Domain2         Sc     RMS    Len1 Len2  Align NFit Eq. Secs.   %I   %S   P(m)
Pair   1  4mbn            3hrw            7.87   1.37    153  141   147  136 135    0  27.41 100.00 6.80e-09 
Pair   2  4mbn            1y8i            7.60   1.54    153  141   149  133 131    0  25.19 100.00 3.39e-07 
Pair   3  3hrw            1y8i            9.16   0.73    141  141   141  138 138    0  83.33 100.00 8.11e-91 
Reading in matrix file globin.mat...
Doing cluster analysis...
Cluster:  1 (    3hrw  &     1y8i ) Sc  9.16 RMS   0.73 Len 141 nfit 138 
 See file globin.1 for the alignment and transformations
Cluster:  2 (    4mbn  &     3hrw     1y8i ) Sc  8.61 RMS   1.43 Len 149 nfit 134 
 See file globin.2 for the alignment and transformations
